<?xml version="1.0" encoding="UTF-8"?>
<!-- Generated by org.testng.reporters.JUnitXMLReporter -->
<testsuite hostname="DESKTOP-GD2TQ7C" ignored="4" name="Default test(failed)" tests="4" failures="1" timestamp="10 May 2022 12:48:04 GMT" time="0.068" errors="0">
  <testcase name="testCase03" time="0.019" classname="com.EX.Class1">
    <failure type="java.lang.AssertionError" message="expected [true] but found [false]">
      <![CDATA[java.lang.AssertionError: expected [true] but found [false]
	at com.EX.Class1.testCase03(Class1.java:19)
... Removed 29 stack frames]]>
    </failure>
  </testcase> <!-- testCase03 -->
  <testcase name="textCase04" time="0.0" classname="com.EX.Class1"/>
  <testcase name="testCase01" time="0.0" classname="com.EX.Class1">
    <skipped/>
  </testcase> <!-- testCase01 -->
  <testcase name="testCase02" time="0.0" classname="com.EX.Class1">
    <skipped/>
  </testcase> <!-- testCase02 -->
  <testcase name="textCase08" time="0.0" classname="com.EX.Class1">
    <ignored/>
  </testcase> <!-- textCase08 -->
  <testcase name="textCase06" time="0.0" classname="com.EX.Class1">
    <ignored/>
  </testcase> <!-- textCase06 -->
  <testcase name="textCase07" time="0.0" classname="com.EX.Class1">
    <ignored/>
  </testcase> <!-- textCase07 -->
  <testcase name="textCase05" time="0.0" classname="com.EX.Class1">
    <ignored/>
  </testcase> <!-- textCase05 -->
</testsuite> <!-- Default test(failed) -->
